# JRE version: Java(TM) SE Runtime Environment (8.0_151-b12) (build 1.8.0_151-b12)
# Java VM: Java HotSpot(TM) 64-Bit Server VM (25.151-b12 mixed mode windows-amd64 compressed oops)
Heap:
 PSYoungGen      total 152064K, used 125522K [0x00000000d5f00000, 0x00000000e0180000, 0x0000000100000000)
  eden space 143872K, 87% used [0x00000000d5f00000,0x00000000dd994a88,0x00000000deb80000)
  from space 8192K, 0% used [0x00000000df980000,0x00000000df980000,0x00000000e0180000)
  to   space 11264K, 0% used [0x00000000deb80000,0x00000000deb80000,0x00000000df680000)
 ParOldGen       total 78848K, used 15206K [0x0000000081c00000, 0x0000000086900000, 0x00000000d5f00000)
  object space 78848K, 19% used [0x0000000081c00000,0x0000000082ad98b0,0x0000000086900000)
 Metaspace       used 41288K, capacity 43750K, committed 44032K, reserved 1087488K
  class space    used 5642K, capacity 6086K, committed 6144K, reserved 1048576K
GC Heap History (10 events):
Event: 7.486 GC heap before
{Heap before GC invocations=8 (full 1):
 PSYoungGen      total 62464K, used 62261K [0x00000000d5f00000, 0x00000000dac00000, 0x0000000100000000)
  eden space 59392K, 100% used [0x00000000d5f00000,0x00000000d9900000,0x00000000d9900000)
  from space 3072K, 93% used [0x00000000da900000,0x00000000dabcd660,0x00000000dac00000)
  to   space 9728K, 0% used [0x00000000d9900000,0x00000000d9900000,0x00000000da280000)
 ParOldGen       total 49152K, used 5766K [0x0000000081c00000, 0x0000000084c00000, 0x00000000d5f00000)
  object space 49152K, 11% used [0x0000000081c00000,0x00000000821a19d8,0x0000000084c00000)
 Metaspace       used 25232K, capacity 26242K, committed 26368K, reserved 1073152K
  class space    used 3360K, capacity 3579K, committed 3584K, reserved 1048576K
Event: 7.491 GC heap after
Heap after GC invocations=8 (full 1):
 PSYoungGen      total 69120K, used 5953K [0x00000000d5f00000, 0x00000000dd580000, 0x0000000100000000)
  eden space 59392K, 0% used [0x00000000d5f00000,0x00000000d5f00000,0x00000000d9900000)
  from space 9728K, 61% used [0x00000000d9900000,0x00000000d9ed06a8,0x00000000da280000)
  to   space 9216K, 0% used [0x00000000dcc80000,0x00000000dcc80000,0x00000000dd580000)
 ParOldGen       total 49152K, used 5766K [0x0000000081c00000, 0x0000000084c00000, 0x00000000d5f00000)
  object space 49152K, 11% used [0x0000000081c00000,0x00000000821a19d8,0x0000000084c00000)
 Metaspace       used 25232K, capacity 26242K, committed 26368K, reserved 1073152K
  class space    used 3360K, capacity 3579K, committed 3584K, reserved 1048576K
}
Event: 7.965 GC heap before
{Heap before GC invocations=9 (full 1):
 PSYoungGen      total 69120K, used 65345K [0x00000000d5f00000, 0x00000000dd580000, 0x0000000100000000)
  eden space 59392K, 100% used [0x00000000d5f00000,0x00000000d9900000,0x00000000d9900000)
  from space 9728K, 61% used [0x00000000d9900000,0x00000000d9ed06a8,0x00000000da280000)
  to   space 9216K, 0% used [0x00000000dcc80000,0x00000000dcc80000,0x00000000dd580000)
 ParOldGen       total 49152K, used 5766K [0x0000000081c00000, 0x0000000084c00000, 0x00000000d5f00000)
  object space 49152K, 11% used [0x0000000081c00000,0x00000000821a19d8,0x0000000084c00000)
 Metaspace       used 26961K, capacity 28084K, committed 28288K, reserved 1073152K
  class space    used 3641K, capacity 3890K, committed 3968K, reserved 1048576K
Event: 7.972 GC heap after
Heap after GC invocations=9 (full 1):
 PSYoungGen      total 111616K, used 7417K [0x00000000d5f00000, 0x00000000dd600000, 0x0000000100000000)
  eden space 102400K, 0% used [0x00000000d5f00000,0x00000000d5f00000,0x00000000dc300000)
  from space 9216K, 80% used [0x00000000dcc80000,0x00000000dd3be700,0x00000000dd580000)
  to   space 9728K, 0% used [0x00000000dc300000,0x00000000dc300000,0x00000000dcc80000)
 ParOldGen       total 49152K, used 5766K [0x0000000081c00000, 0x0000000084c00000, 0x00000000d5f00000)
  object space 49152K, 11% used [0x0000000081c00000,0x00000000821a19d8,0x0000000084c00000)
 Metaspace       used 26961K, capacity 28084K, committed 28288K, reserved 1073152K
  class space    used 3641K, capacity 3890K, committed 3968K, reserved 1048576K
}
Event: 8.873 GC heap before
{Heap before GC invocations=10 (full 1):
 PSYoungGen      total 111616K, used 109817K [0x00000000d5f00000, 0x00000000dd600000, 0x0000000100000000)
  eden space 102400K, 100% used [0x00000000d5f00000,0x00000000dc300000,0x00000000dc300000)
  from space 9216K, 80% used [0x00000000dcc80000,0x00000000dd3be700,0x00000000dd580000)
  to   space 9728K, 0% used [0x00000000dc300000,0x00000000dc300000,0x00000000dcc80000)
 ParOldGen       total 49152K, used 5766K [0x0000000081c00000, 0x0000000084c00000, 0x00000000d5f00000)
  object space 49152K, 11% used [0x0000000081c00000,0x00000000821a19d8,0x0000000084c00000)
 Metaspace       used 31965K, capacity 33652K, committed 33920K, reserved 1079296K
  class space    used 4300K, capacity 4612K, committed 4736K, reserved 1048576K
Event: 8.885 GC heap after
Heap after GC invocations=10 (full 1):
 PSYoungGen      total 112128K, used 9705K [0x00000000d5f00000, 0x00000000e0500000, 0x0000000100000000)
  eden space 102400K, 0% used [0x00000000d5f00000,0x00000000d5f00000,0x00000000dc300000)
  from space 9728K, 99% used [0x00000000dc300000,0x00000000dcc7a5d8,0x00000000dcc80000)
  to   space 11776K, 0% used [0x00000000df980000,0x00000000df980000,0x00000000e0500000)
 ParOldGen       total 49152K, used 8043K [0x0000000081c00000, 0x0000000084c00000, 0x00000000d5f00000)
  object space 49152K, 16% used [0x0000000081c00000,0x00000000823dafd0,0x0000000084c00000)
 Metaspace       used 31965K, capacity 33652K, committed 33920K, reserved 1079296K
  class space    used 4300K, capacity 4612K, committed 4736K, reserved 1048576K
}
Event: 10.760 GC heap before
{Heap before GC invocations=11 (full 1):
 PSYoungGen      total 112128K, used 49653K [0x00000000d5f00000, 0x00000000e0500000, 0x0000000100000000)
  eden space 102400K, 39% used [0x00000000d5f00000,0x00000000d8603148,0x00000000dc300000)
  from space 9728K, 99% used [0x00000000dc300000,0x00000000dcc7a5d8,0x00000000dcc80000)
  to   space 11776K, 0% used [0x00000000df980000,0x00000000df980000,0x00000000e0500000)
 ParOldGen       total 49152K, used 8043K [0x0000000081c00000, 0x0000000084c00000, 0x00000000d5f00000)
  object space 49152K, 16% used [0x0000000081c00000,0x00000000823dafd0,0x0000000084c00000)
 Metaspace       used 33464K, capacity 35390K, committed 35456K, reserved 1079296K
  class space    used 4561K, capacity 4933K, committed 4992K, reserved 1048576K
Event: 10.769 GC heap after
Heap after GC invocations=11 (full 1):
 PSYoungGen      total 152064K, used 6259K [0x00000000d5f00000, 0x00000000e0180000, 0x0000000100000000)
  eden space 143872K, 0% used [0x00000000d5f00000,0x00000000d5f00000,0x00000000deb80000)
  from space 8192K, 76% used [0x00000000df980000,0x00000000dff9cf60,0x00000000e0180000)
  to   space 11264K, 0% used [0x00000000deb80000,0x00000000deb80000,0x00000000df680000)
 ParOldGen       total 49152K, used 11588K [0x0000000081c00000, 0x0000000084c00000, 0x00000000d5f00000)
  object space 49152K, 23% used [0x0000000081c00000,0x0000000082751050,0x0000000084c00000)
 Metaspace       used 33464K, capacity 35390K, committed 35456K, reserved 1079296K
  class space    used 4561K, capacity 4933K, committed 4992K, reserved 1048576K
}
Event: 10.769 GC heap before
{Heap before GC invocations=12 (full 2):
 PSYoungGen      total 152064K, used 6259K [0x00000000d5f00000, 0x00000000e0180000, 0x0000000100000000)
  eden space 143872K, 0% used [0x00000000d5f00000,0x00000000d5f00000,0x00000000deb80000)
  from space 8192K, 76% used [0x00000000df980000,0x00000000dff9cf60,0x00000000e0180000)
  to   space 11264K, 0% used [0x00000000deb80000,0x00000000deb80000,0x00000000df680000)
 ParOldGen       total 49152K, used 11588K [0x0000000081c00000, 0x0000000084c00000, 0x00000000d5f00000)
  object space 49152K, 23% used [0x0000000081c00000,0x0000000082751050,0x0000000084c00000)
 Metaspace       used 33464K, capacity 35390K, committed 35456K, reserved 1079296K
  class space    used 4561K, capacity 4933K, committed 4992K, reserved 1048576K
Event: 10.866 GC heap after
Heap after GC invocations=12 (full 2):
 PSYoungGen      total 152064K, used 0K [0x00000000d5f00000, 0x00000000e0180000, 0x0000000100000000)
  eden space 143872K, 0% used [0x00000000d5f00000,0x00000000d5f00000,0x00000000deb80000)
  from space 8192K, 0% used [0x00000000df980000,0x00000000df980000,0x00000000e0180000)
  to   space 11264K, 0% used [0x00000000deb80000,0x00000000deb80000,0x00000000df680000)
 ParOldGen       total 78848K, used 15206K [0x0000000081c00000, 0x0000000086900000, 0x00000000d5f00000)
  object space 78848K, 19% used [0x0000000081c00000,0x0000000082ad98b0,0x0000000086900000)
 Metaspace       used 33464K, capacity 35390K, committed 35456K, reserved 1079296K
  class space    used 4561K, capacity 4933K, committed 4992K, reserved 1048576K
}

